[32mINFO[0m:     [31-12-2023 15:00:37] Set chroma_server_nofile to 65535
[32mINFO[0m:     [31-12-2023 15:00:37] Anonymized telemetry enabled. See                     https://docs.trychroma.com/telemetry for more information.
[36mDEBUG[0m:    [31-12-2023 15:00:37] Starting component System
[36mDEBUG[0m:    [31-12-2023 15:00:37] Starting component OpenTelemetryClient
[36mDEBUG[0m:    [31-12-2023 15:00:37] Starting component SimpleAssignmentPolicy
[36mDEBUG[0m:    [31-12-2023 15:00:37] Starting component SqliteDB
[36mDEBUG[0m:    [31-12-2023 15:00:37] Starting component Posthog
[36mDEBUG[0m:    [31-12-2023 15:00:37] Starting component LocalSegmentManager
[36mDEBUG[0m:    [31-12-2023 15:00:37] Starting component SegmentAPI
[32mINFO[0m:     [31-12-2023 15:00:37] Started server process [[36m98352[0m]
[32mINFO[0m:     [31-12-2023 15:00:37] Waiting for application startup.
[32mINFO[0m:     [31-12-2023 15:00:37] Application startup complete.
[32mINFO[0m:     [31-12-2023 15:00:37] Uvicorn running on [1mhttp://localhost:8000[0m (Press CTRL+C to quit)
[32mINFO[0m:     [31-12-2023 15:00:40] ::1:56553 - "POST /api/v1/collections?tenant=default_tenant&database=default_database HTTP/1.1" 200
[32mINFO[0m:     [31-12-2023 15:00:40] ::1:56554 - "GET /api/v1/collections/movie_reviews?tenant=default_tenant&database=default_database HTTP/1.1" 200
[36mDEBUG[0m:    [31-12-2023 15:00:59] Starting component PersistentLocalHnswSegment
[32mINFO[0m:     [31-12-2023 15:00:59] ::1:56557 - "POST /api/v1/collections/74ea75bc-ada4-4484-b189-0510fc2763ac/add HTTP/1.1" 201
[33mWARNING[0m:  [31-12-2023 15:00:59] Delete of nonexisting embedding ID: 5768bf05-f70e-4f6a-895d-a682ff9a99a9
[33mWARNING[0m:  [31-12-2023 15:00:59] Delete of nonexisting embedding ID: 5768bf05-f70e-4f6a-895d-a682ff9a99a9
[32mINFO[0m:     [31-12-2023 15:00:59] ::1:56558 - "POST /api/v1/collections/74ea75bc-ada4-4484-b189-0510fc2763ac/delete HTTP/1.1" 200
[32mINFO[0m:     [31-12-2023 15:00:59] ::1:56557 - "POST /api/v1/collections/74ea75bc-ada4-4484-b189-0510fc2763ac/query HTTP/1.1" 200
[32mINFO[0m:     [31-12-2023 15:12:15] Shutting down
[32mINFO[0m:     [31-12-2023 15:12:15] Waiting for application shutdown.
[32mINFO[0m:     [31-12-2023 15:12:15] Application shutdown complete.
[32mINFO[0m:     [31-12-2023 15:12:15] Finished server process [[36m98352[0m]
[32mINFO[0m:     [31-12-2023 15:12:21] Set chroma_server_nofile to 65535
[32mINFO[0m:     [31-12-2023 15:12:22] Anonymized telemetry enabled. See                     https://docs.trychroma.com/telemetry for more information.
[36mDEBUG[0m:    [31-12-2023 15:12:22] Starting component System
[36mDEBUG[0m:    [31-12-2023 15:12:22] Starting component OpenTelemetryClient
[36mDEBUG[0m:    [31-12-2023 15:12:22] Starting component SimpleAssignmentPolicy
[36mDEBUG[0m:    [31-12-2023 15:12:22] Starting component SqliteDB
[36mDEBUG[0m:    [31-12-2023 15:12:22] Starting component Posthog
[36mDEBUG[0m:    [31-12-2023 15:12:22] Starting component LocalSegmentManager
[36mDEBUG[0m:    [31-12-2023 15:12:22] Starting component SegmentAPI
[32mINFO[0m:     [31-12-2023 15:12:22] Started server process [[36m1287[0m]
[32mINFO[0m:     [31-12-2023 15:12:22] Waiting for application startup.
[32mINFO[0m:     [31-12-2023 15:12:22] Application startup complete.
[32mINFO[0m:     [31-12-2023 15:12:22] Uvicorn running on [1mhttp://localhost:8000[0m (Press CTRL+C to quit)
[32mINFO[0m:     [31-12-2023 15:12:29] ::1:56672 - "POST /api/v1/collections?tenant=default_tenant&database=default_database HTTP/1.1" 200
[32mINFO[0m:     [31-12-2023 15:12:29] ::1:56673 - "GET /api/v1/collections/movie_reviews?tenant=default_tenant&database=default_database HTTP/1.1" 200
[36mDEBUG[0m:    [31-12-2023 15:12:48] Starting component PersistentLocalHnswSegment
[32mINFO[0m:     [31-12-2023 15:12:48] ::1:56676 - "POST /api/v1/collections/b99cafda-6bf9-4439-85d5-5d84a43e469c/add HTTP/1.1" 201
[33mWARNING[0m:  [31-12-2023 15:12:48] Delete of nonexisting embedding ID: 5768bf05-f70e-4f6a-895d-a682ff9a99a9
[33mWARNING[0m:  [31-12-2023 15:12:48] Delete of nonexisting embedding ID: 5768bf05-f70e-4f6a-895d-a682ff9a99a9
[32mINFO[0m:     [31-12-2023 15:12:48] ::1:56677 - "POST /api/v1/collections/b99cafda-6bf9-4439-85d5-5d84a43e469c/delete HTTP/1.1" 200
[32mINFO[0m:     [31-12-2023 15:12:48] ::1:56676 - "POST /api/v1/collections/b99cafda-6bf9-4439-85d5-5d84a43e469c/query HTTP/1.1" 200
[32mINFO[0m:     [31-12-2023 15:15:03] Shutting down
[32mINFO[0m:     [31-12-2023 15:15:03] Waiting for application shutdown.
[32mINFO[0m:     [31-12-2023 15:15:03] Application shutdown complete.
[32mINFO[0m:     [31-12-2023 15:15:03] Finished server process [[36m1287[0m]
[32mINFO[0m:     [31-12-2023 15:16:25] Set chroma_server_nofile to 65535
[32mINFO[0m:     [31-12-2023 15:16:25] Anonymized telemetry enabled. See                     https://docs.trychroma.com/telemetry for more information.
[36mDEBUG[0m:    [31-12-2023 15:16:25] Starting component System
[36mDEBUG[0m:    [31-12-2023 15:16:25] Starting component OpenTelemetryClient
[36mDEBUG[0m:    [31-12-2023 15:16:25] Starting component SimpleAssignmentPolicy
[36mDEBUG[0m:    [31-12-2023 15:16:25] Starting component SqliteDB
[36mDEBUG[0m:    [31-12-2023 15:16:26] Starting component Posthog
[36mDEBUG[0m:    [31-12-2023 15:16:26] Starting component LocalSegmentManager
[36mDEBUG[0m:    [31-12-2023 15:16:26] Starting component SegmentAPI
[32mINFO[0m:     [31-12-2023 15:16:26] Started server process [[36m2431[0m]
[32mINFO[0m:     [31-12-2023 15:16:26] Waiting for application startup.
[32mINFO[0m:     [31-12-2023 15:16:26] Application startup complete.
[32mINFO[0m:     [31-12-2023 15:16:26] Uvicorn running on [1mhttp://localhost:8000[0m (Press CTRL+C to quit)
[32mINFO[0m:     [31-12-2023 15:16:30] ::1:56712 - "POST /api/v1/collections?tenant=default_tenant&database=default_database HTTP/1.1" 200
[32mINFO[0m:     [31-12-2023 15:16:30] ::1:56713 - "GET /api/v1/collections/movie_reviews?tenant=default_tenant&database=default_database HTTP/1.1" 200
[36mDEBUG[0m:    [31-12-2023 15:16:47] Starting component PersistentLocalHnswSegment
[32mINFO[0m:     [31-12-2023 15:16:48] ::1:56716 - "POST /api/v1/collections/8308a3b2-8bc4-4a84-8f25-d33a858ff394/add HTTP/1.1" 201
[33mWARNING[0m:  [31-12-2023 15:16:48] Delete of nonexisting embedding ID: 5768bf05-f70e-4f6a-895d-a682ff9a99a9
[33mWARNING[0m:  [31-12-2023 15:16:48] Delete of nonexisting embedding ID: 5768bf05-f70e-4f6a-895d-a682ff9a99a9
[32mINFO[0m:     [31-12-2023 15:16:48] ::1:56717 - "POST /api/v1/collections/8308a3b2-8bc4-4a84-8f25-d33a858ff394/delete HTTP/1.1" 200
[32mINFO[0m:     [31-12-2023 15:16:48] ::1:56716 - "POST /api/v1/collections/8308a3b2-8bc4-4a84-8f25-d33a858ff394/query HTTP/1.1" 200
[32mINFO[0m:     [31-12-2023 15:18:30] Shutting down
[32mINFO[0m:     [31-12-2023 15:18:30] Waiting for application shutdown.
[32mINFO[0m:     [31-12-2023 15:18:30] Application shutdown complete.
[32mINFO[0m:     [31-12-2023 15:18:30] Finished server process [[36m2431[0m]
[32mINFO[0m:     [31-12-2023 15:18:33] Set chroma_server_nofile to 65535
[32mINFO[0m:     [31-12-2023 15:18:33] Anonymized telemetry enabled. See                     https://docs.trychroma.com/telemetry for more information.
[36mDEBUG[0m:    [31-12-2023 15:18:33] Starting component System
[36mDEBUG[0m:    [31-12-2023 15:18:33] Starting component OpenTelemetryClient
[36mDEBUG[0m:    [31-12-2023 15:18:33] Starting component SimpleAssignmentPolicy
[36mDEBUG[0m:    [31-12-2023 15:18:33] Starting component SqliteDB
[36mDEBUG[0m:    [31-12-2023 15:18:33] Starting component Posthog
[36mDEBUG[0m:    [31-12-2023 15:18:33] Starting component LocalSegmentManager
[36mDEBUG[0m:    [31-12-2023 15:18:33] Starting component SegmentAPI
[32mINFO[0m:     [31-12-2023 15:18:33] Started server process [[36m3098[0m]
[32mINFO[0m:     [31-12-2023 15:18:33] Waiting for application startup.
[32mINFO[0m:     [31-12-2023 15:18:33] Application startup complete.
[32mINFO[0m:     [31-12-2023 15:18:33] Uvicorn running on [1mhttp://localhost:8000[0m (Press CTRL+C to quit)
[32mINFO[0m:     [31-12-2023 15:18:39] ::1:56739 - "POST /api/v1/collections?tenant=default_tenant&database=default_database HTTP/1.1" 200
[32mINFO[0m:     [31-12-2023 15:18:39] ::1:56740 - "GET /api/v1/collections/movie_reviews?tenant=default_tenant&database=default_database HTTP/1.1" 200
[36mDEBUG[0m:    [31-12-2023 15:18:56] Starting component PersistentLocalHnswSegment
[32mINFO[0m:     [31-12-2023 15:18:56] ::1:56743 - "POST /api/v1/collections/b70784d7-9d2d-4db2-a4db-567504e111db/add HTTP/1.1" 201
[33mWARNING[0m:  [31-12-2023 15:18:56] Delete of nonexisting embedding ID: 5768bf05-f70e-4f6a-895d-a682ff9a99a9
[33mWARNING[0m:  [31-12-2023 15:18:56] Delete of nonexisting embedding ID: 5768bf05-f70e-4f6a-895d-a682ff9a99a9
[32mINFO[0m:     [31-12-2023 15:18:56] ::1:56744 - "POST /api/v1/collections/b70784d7-9d2d-4db2-a4db-567504e111db/delete HTTP/1.1" 200
[32mINFO[0m:     [31-12-2023 15:18:56] ::1:56743 - "POST /api/v1/collections/b70784d7-9d2d-4db2-a4db-567504e111db/query HTTP/1.1" 200
[32mINFO[0m:     [31-12-2023 15:36:43] Shutting down
[32mINFO[0m:     [31-12-2023 15:36:43] Waiting for application shutdown.
[32mINFO[0m:     [31-12-2023 15:36:43] Application shutdown complete.
[32mINFO[0m:     [31-12-2023 15:36:43] Finished server process [[36m3098[0m]
[32mINFO[0m:     [31-12-2023 15:37:16] Set chroma_server_nofile to 65535
[32mINFO[0m:     [31-12-2023 15:37:16] Anonymized telemetry enabled. See                     https://docs.trychroma.com/telemetry for more information.
[36mDEBUG[0m:    [31-12-2023 15:37:16] Starting component System
[36mDEBUG[0m:    [31-12-2023 15:37:16] Starting component OpenTelemetryClient
[36mDEBUG[0m:    [31-12-2023 15:37:16] Starting component SimpleAssignmentPolicy
[36mDEBUG[0m:    [31-12-2023 15:37:16] Starting component SqliteDB
[36mDEBUG[0m:    [31-12-2023 15:37:16] Starting component Posthog
[36mDEBUG[0m:    [31-12-2023 15:37:16] Starting component LocalSegmentManager
[36mDEBUG[0m:    [31-12-2023 15:37:16] Starting component SegmentAPI
[32mINFO[0m:     [31-12-2023 15:37:16] Started server process [[36m7185[0m]
[32mINFO[0m:     [31-12-2023 15:37:16] Waiting for application startup.
[32mINFO[0m:     [31-12-2023 15:37:16] Application startup complete.
[32mINFO[0m:     [31-12-2023 15:37:16] Uvicorn running on [1mhttp://localhost:8000[0m (Press CTRL+C to quit)
[32mINFO[0m:     [31-12-2023 15:37:21] ::1:56854 - "POST /api/v1/collections?tenant=default_tenant&database=default_database HTTP/1.1" 200
[32mINFO[0m:     [31-12-2023 15:37:21] ::1:56855 - "GET /api/v1/collections/movie_reviews?tenant=default_tenant&database=default_database HTTP/1.1" 200
[36mDEBUG[0m:    [31-12-2023 15:37:39] Starting component PersistentLocalHnswSegment
[32mINFO[0m:     [31-12-2023 15:37:39] ::1:56860 - "POST /api/v1/collections/e1e81a4d-a9ec-42d4-8ef3-6aaf4479a591/add HTTP/1.1" 201
[33mWARNING[0m:  [31-12-2023 15:37:39] Delete of nonexisting embedding ID: 5768bf05-f70e-4f6a-895d-a682ff9a99a9
[33mWARNING[0m:  [31-12-2023 15:37:39] Delete of nonexisting embedding ID: 5768bf05-f70e-4f6a-895d-a682ff9a99a9
[32mINFO[0m:     [31-12-2023 15:37:39] ::1:56861 - "POST /api/v1/collections/e1e81a4d-a9ec-42d4-8ef3-6aaf4479a591/delete HTTP/1.1" 200
[32mINFO[0m:     [31-12-2023 15:37:39] ::1:56860 - "POST /api/v1/collections/e1e81a4d-a9ec-42d4-8ef3-6aaf4479a591/query HTTP/1.1" 200
